<?xml version="1.0" encoding="UTF-8"?>
<testsuite name="com.example.project.TestInsertionSort" tests="6" skipped="0" failures="0" errors="0" timestamp="2025-02-26T14:17:46" hostname="codespaces-628c67" time="0.248">
  <properties/>
  <testcase name="testInsertionSort_EmptyArray()" classname="com.example.project.TestInsertionSort" time="0.002"/>
  <testcase name="testInsertionSort_ReverseSortedArray()" classname="com.example.project.TestInsertionSort" time="0.004"/>
  <testcase name="testInsertionSort_UnsortedArray()" classname="com.example.project.TestInsertionSort" time="0.002"/>
  <testcase name="testInsertionSort_AlreadySortedArray()" classname="com.example.project.TestInsertionSort" time="0.001"/>
  <testcase name="testInsertionSort_SingleElementArray()" classname="com.example.project.TestInsertionSort" time="0.001"/>
  <testcase name="testSelectionSort_Words()" classname="com.example.project.TestInsertionSort" time="0.218"/>
  <system-out><![CDATA[Insertion Loops: 258361
]]></system-out>
  <system-err><![CDATA[]]></system-err>
</testsuite>
